c:\users\rps\desktop\naturalcomp\acographclass\graphclass\debug\vc141.pdb
c:\users\rps\desktop\naturalcomp\acographclass\graphclass\debug\vc141.idb
c:\users\rps\desktop\naturalcomp\acographclass\graphclass\debug\colony.obj
c:\users\rps\desktop\naturalcomp\acographclass\graphclass\debug\graph.obj
c:\users\rps\desktop\naturalcomp\acographclass\graphclass\debug\graphclass.obj
c:\users\rps\desktop\naturalcomp\acographclass\graphclass\debug\ant.obj
c:\users\rps\desktop\naturalcomp\acographclass - tsp\graphclass\debug\vc141.pdb
c:\users\rps\desktop\naturalcomp\acographclass - tsp\graphclass\debug\vc141.idb
c:\users\rps\desktop\naturalcomp\acographclass - tsp\graphclass\debug\graph.obj
c:\users\rps\desktop\naturalcomp\acographclass - tsp\graphclass\debug\graphclass.obj
c:\users\rps\desktop\naturalcomp\acographclass - tsp\graphclass\debug\ant.obj
c:\users\rps\desktop\naturalcomp\acographclass - tsp\graphclass\debug\colony.obj
c:\users\rps\desktop\naturalcomp\acographclass\debug\graphclass.exe
c:\users\rps\desktop\naturalcomp\acographclass\debug\graphclass.ilk
c:\users\rps\desktop\naturalcomp\acographclass\debug\graphclass.pdb
c:\users\rps\desktop\naturalcomp\acographclass - tsp\debug\graphclass.exe
c:\users\rps\desktop\naturalcomp\acographclass - tsp\debug\graphclass.ilk
c:\users\rps\desktop\naturalcomp\acographclass - tsp\debug\graphclass.pdb
c:\users\rps\desktop\naturalcomp\acographclass - tsp\graphclass\debug\ant.obj.enc
c:\users\rps\desktop\naturalcomp\acographclass - tsp\graphclass\debug\graphclass.tlog\cl.command.1.tlog
c:\users\rps\desktop\naturalcomp\acographclass - tsp\graphclass\debug\graphclass.tlog\cl.read.1.tlog
c:\users\rps\desktop\naturalcomp\acographclass - tsp\graphclass\debug\graphclass.tlog\cl.write.1.tlog
c:\users\rps\desktop\naturalcomp\acographclass - tsp\graphclass\debug\graphclass.tlog\link.command.1.tlog
c:\users\rps\desktop\naturalcomp\acographclass - tsp\graphclass\debug\graphclass.tlog\link.read.1.tlog
c:\users\rps\desktop\naturalcomp\acographclass - tsp\graphclass\debug\graphclass.tlog\link.write.1.tlog
